2025-06-05 14:10:23,666 [INFO] Activator:176 - 


2025-06-05 14:10:23,669 [INFO] Activator:177 - !SESSION log4j initialized
2025-06-05 14:10:28,193 [INFO] LogOutputStream:77 - [STDOUT_REDIRECT] 
2025-06-05 14:10:32,453 [INFO] ApplicationProperties:184 - Using Application install path: C:\ST\STM32CubeIDE_1.17.0\STM32CubeIDE\plugins\com.st.stm32cube.common.mx_6.13.0.202411220809
2025-06-05 14:10:32,487 [INFO] DbMcusXml:78 - Set database path to: C:\ST\STM32CubeIDE_1.17.0\STM32CubeIDE\plugins\com.st.stm32cube.common.mx_6.13.0.202411220809\\db\/mcu/
2025-06-05 14:10:32,488 [INFO] ApiDb:274 - Set plugin database path to: C:\ST\STM32CubeIDE_1.17.0\STM32CubeIDE\plugins\com.st.stm32cube.common.mx_6.13.0.202411220809\\db\/plugins/boardmanager/
2025-06-05 14:10:32,489 [WARN] ApiDb:259 - Overriding images path with different value:  => C:\ST\STM32CubeIDE_1.17.0\STM32CubeIDE\plugins\com.st.stm32cube.common.mx_6.13.0.202411220809\\db\/plugins/mcufinder/images/
2025-06-05 14:10:32,502 [INFO] ApiDb:250 - Set database path to: C:\Users\Santiago\.stmcufinder\plugins\mcufinder//mcu/
2025-06-05 14:10:32,504 [INFO] DbMcusAds:125 - Set database path to: C:\Users\Santiago\.stmcufinder\plugins\mcufinder//mcu/
2025-06-05 14:10:32,510 [INFO] CrossReferenceDbSqlite:203 - Set database path to: C:\Users\Santiago\.stmcufinder\plugins\mcufinder//mcu/cs/
2025-06-05 14:10:32,724 [INFO] RulesReader:64 - Compatibility file has been processed (297 Rules)
2025-06-05 14:10:32,887 [INFO] DbMcusXml:78 - Set database path to: C:\ST\STM32CubeIDE_1.17.0\STM32CubeIDE\plugins\com.st.stm32cube.common.mx_6.13.0.202411220809\\db\/mcu/
2025-06-05 14:10:32,887 [INFO] ApiDb:274 - Set plugin database path to: C:\ST\STM32CubeIDE_1.17.0\STM32CubeIDE\plugins\com.st.stm32cube.common.mx_6.13.0.202411220809\\db\/plugins/boardmanager/
2025-06-05 14:10:32,887 [INFO] ApiDb:261 - Set plugin images path to: C:\ST\STM32CubeIDE_1.17.0\STM32CubeIDE\plugins\com.st.stm32cube.common.mx_6.13.0.202411220809\\db\/plugins/mcufinder/images/
2025-06-05 14:10:32,888 [WARN] DbFile:41 - Overriding database path with different value: C:\Users\Santiago\.stmcufinder\plugins\mcufinder/ => C:\Users\Santiago\.stmcufinder\plugins\mcufinder
2025-06-05 14:10:32,888 [INFO] ApiDb:250 - Set database path to: C:\Users\Santiago\.stmcufinder\plugins\mcufinder//mcu/
2025-06-05 14:10:32,888 [WARN] DbFile:41 - Overriding database path with different value: C:\Users\Santiago\.stmcufinder\plugins\mcufinder/ => C:\Users\Santiago\.stmcufinder\plugins\mcufinder
2025-06-05 14:10:32,888 [INFO] DbMcusAds:125 - Set database path to: C:\Users\Santiago\.stmcufinder\plugins\mcufinder//mcu/
2025-06-05 14:10:32,888 [WARN] DbFile:41 - Overriding database path with different value: C:\Users\Santiago\.stmcufinder\plugins\mcufinder/ => C:\Users\Santiago\.stmcufinder\plugins\mcufinder
2025-06-05 14:10:32,889 [WARN] DbFile:41 - Overriding database path with different value: C:\Users\Santiago\.stmcufinder\plugins\mcufinder/ => C:\Users\Santiago\.stmcufinder\plugins\mcufinder
2025-06-05 14:10:32,889 [INFO] CrossReferenceDbSqlite:203 - Set database path to: C:\Users\Santiago\.stmcufinder\plugins\mcufinder//mcu/cs/
2025-06-05 14:10:33,013 [INFO] MainPanel:272 - HeapMemory: 268435456
2025-06-05 14:10:33,157 [INFO] DbMcusXml:78 - Set database path to: C:\ST\STM32CubeIDE_1.17.0\STM32CubeIDE\plugins\com.st.stm32cube.common.mx_6.13.0.202411220809\\db\/mcu/
2025-06-05 14:10:33,157 [INFO] ApiDb:274 - Set plugin database path to: C:\ST\STM32CubeIDE_1.17.0\STM32CubeIDE\plugins\com.st.stm32cube.common.mx_6.13.0.202411220809\\db\/plugins/boardmanager/
2025-06-05 14:10:33,157 [INFO] ApiDb:261 - Set plugin images path to: C:\ST\STM32CubeIDE_1.17.0\STM32CubeIDE\plugins\com.st.stm32cube.common.mx_6.13.0.202411220809\\db\/plugins/mcufinder/images/
2025-06-05 14:10:33,157 [WARN] DbFile:41 - Overriding database path with different value: C:\Users\Santiago\.stmcufinder\plugins\mcufinder/ => C:\Users\Santiago\.stmcufinder\plugins\mcufinder
2025-06-05 14:10:33,157 [INFO] ApiDb:250 - Set database path to: C:\Users\Santiago\.stmcufinder\plugins\mcufinder//mcu/
2025-06-05 14:10:33,158 [WARN] DbFile:41 - Overriding database path with different value: C:\Users\Santiago\.stmcufinder\plugins\mcufinder/ => C:\Users\Santiago\.stmcufinder\plugins\mcufinder
2025-06-05 14:10:33,158 [INFO] DbMcusAds:125 - Set database path to: C:\Users\Santiago\.stmcufinder\plugins\mcufinder//mcu/
2025-06-05 14:10:33,158 [WARN] DbFile:41 - Overriding database path with different value: C:\Users\Santiago\.stmcufinder\plugins\mcufinder/ => C:\Users\Santiago\.stmcufinder\plugins\mcufinder
2025-06-05 14:10:33,158 [WARN] DbFile:41 - Overriding database path with different value: C:\Users\Santiago\.stmcufinder\plugins\mcufinder/ => C:\Users\Santiago\.stmcufinder\plugins\mcufinder
2025-06-05 14:10:33,158 [INFO] CrossReferenceDbSqlite:203 - Set database path to: C:\Users\Santiago\.stmcufinder\plugins\mcufinder//mcu/cs/
2025-06-05 14:10:33,184 [INFO] ApplicationProperties:184 - Using Application install path: C:\ST\STM32CubeIDE_1.17.0\STM32CubeIDE\plugins\com.st.stm32cube.common.mx_6.13.0.202411220809
2025-06-05 14:10:33,186 [INFO] PluginManage:196 - Search for loadable plugins [exclusion list=, ]
2025-06-05 14:10:33,189 [INFO] PluginManage:310 - Check plugin analytics
2025-06-05 14:10:33,516 [INFO] AnalyticsPlugin:253 - Accepted Software Licenses: 
2025-06-05 14:10:33,517 [INFO] AnalyticsPlugin:255 - Accepted CMSIS Pack Licenses: 
2025-06-05 14:10:33,517 [INFO] AnalyticsPlugin:257 - Accepted Firmware Licenses: 
2025-06-05 14:10:33,527 [INFO] PluginManage:359 - Loaded plugin analytics (category:tool,tabindex:-1)
2025-06-05 14:10:33,527 [INFO] PluginManage:310 - Check plugin cadmodel
2025-06-05 14:10:33,539 [INFO] CADModel:105 - Init CAD model plugin
2025-06-05 14:10:33,539 [INFO] PluginManage:359 - Loaded plugin cadmodel (category:power,tabindex:5)
2025-06-05 14:10:33,539 [INFO] PluginManage:310 - Check plugin clock
2025-06-05 14:10:33,559 [INFO] PluginManage:359 - Loaded plugin clock (category:base,tabindex:2)
2025-06-05 14:10:33,560 [INFO] PluginManage:310 - Check plugin ddr
2025-06-05 14:10:33,564 [INFO] PluginManage:359 - Loaded plugin ddr (category:tool,tabindex:6)
2025-06-05 14:10:33,564 [INFO] PluginManage:310 - Check plugin filemanager
2025-06-05 14:10:33,890 [INFO] PluginManage:359 - Loaded plugin filemanager (category:base,tabindex:10)
2025-06-05 14:10:33,890 [INFO] PluginManage:310 - Check plugin ipmanager
2025-06-05 14:10:33,905 [INFO] PluginManage:359 - Loaded plugin ipmanager (category:base,tabindex:5)
2025-06-05 14:10:33,905 [INFO] PluginManage:310 - Check plugin lpbam
2025-06-05 14:10:33,978 [INFO] PluginManage:359 - Loaded plugin lpbam (category:base,tabindex:0)
2025-06-05 14:10:33,981 [INFO] PluginManage:310 - Check plugin memorymap
2025-06-05 14:10:34,014 [INFO] PluginManage:359 - Loaded plugin memorymap (category:base,tabindex:4)
2025-06-05 14:10:34,014 [INFO] PluginManage:310 - Check plugin pinoutandconfiguration
2025-06-05 14:10:34,030 [INFO] PluginManage:359 - Loaded plugin pinoutandconfiguration (category:base,tabindex:1)
2025-06-05 14:10:34,030 [INFO] PluginManage:310 - Check plugin pinoutconfig
2025-06-05 14:10:34,167 [WARN] SupportedApi:132 - Cannot load RTOS API schema: s4s-elt-must-match.1: The content of 'definitions' must match (annotation?, (simpleType | complexType)?, (unique | key | keyref)*)). A problem was found starting at: attribute.
2025-06-05 14:10:34,399 [INFO] PluginManage:359 - Loaded plugin pinoutconfig (category:base,tabindex:0)
2025-06-05 14:10:34,400 [INFO] PluginManage:310 - Check plugin power
2025-06-05 14:10:34,420 [INFO] PluginManage:359 - Loaded plugin power (category:power,tabindex:4)
2025-06-05 14:10:34,421 [INFO] PluginManage:310 - Check plugin projectmanager
2025-06-05 14:10:34,459 [INFO] PluginManage:359 - Loaded plugin projectmanager (category:projectmanager,tabindex:4)
2025-06-05 14:10:34,460 [INFO] PluginManage:310 - Check plugin rif
2025-06-05 14:10:34,480 [INFO] PluginManage:359 - Loaded plugin rif (category:base,tabindex:3)
2025-06-05 14:10:34,481 [INFO] PluginManage:310 - Check plugin thirdparty
2025-06-05 14:10:34,784 [INFO] PluginManage:359 - Loaded plugin thirdparty (category:base,tabindex:-1)
2025-06-05 14:10:34,785 [INFO] PluginManage:310 - Check plugin tools
2025-06-05 14:10:34,785 [WARN] IntegrityCheckThread:84 - waiting for thirdparty lock release [integrity check]
2025-06-05 14:10:34,786 [INFO] IntegrityCheckThread:86 - entering critical section [integrity check]
2025-06-05 14:10:34,787 [INFO] ThirdPartyUpdaterWithRetryManager:70 - Updater plugin not ready yet. [1/15]
2025-06-05 14:10:34,791 [INFO] PluginManage:359 - Loaded plugin tools (category:base,tabindex:7)
2025-06-05 14:10:34,791 [INFO] PluginManage:310 - Check plugin tutovideos
2025-06-05 14:10:35,061 [INFO] PluginManage:359 - Loaded plugin tutovideos (category:base,tabindex:-1)
2025-06-05 14:10:35,061 [INFO] PluginManage:310 - Check plugin updater
2025-06-05 14:10:35,100 [INFO] PluginManage:359 - Loaded plugin updater (category:base,tabindex:12)
2025-06-05 14:10:35,101 [INFO] PluginManage:310 - Check plugin userauth
2025-06-05 14:10:35,109 [INFO] UserAuth:118 - Init User Auth plugin
2025-06-05 14:10:35,111 [INFO] PluginManage:359 - Loaded plugin userauth (category:base,tabindex:14)
2025-06-05 14:10:35,112 [INFO] PluginManage:283 - PluginManage : Loaded plugins [18]
2025-06-05 14:10:35,454 [INFO] PinOutPanel:1589 - setPackage(No Configuration,No Configuration)
2025-06-05 14:10:35,616 [INFO] CADModel:165 - CPN selected for project level
2025-06-05 14:10:35,616 [INFO] CADModel:114 - Register for checkConnection events
2025-06-05 14:10:35,640 [INFO] IPUIPlugin:80 - create IPUIPlugin
2025-06-05 14:10:35,640 [INFO] PluginManager:220 - loadIPPluginJar : add adc
2025-06-05 14:10:35,644 [INFO] IPUIPlugin:80 - create IPUIPlugin
2025-06-05 14:10:35,644 [INFO] PluginManager:220 - loadIPPluginJar : add aes
2025-06-05 14:10:35,648 [INFO] IPUIPlugin:80 - create IPUIPlugin
2025-06-05 14:10:35,649 [INFO] PluginManager:220 - loadIPPluginJar : add can
2025-06-05 14:10:35,651 [INFO] IPUIPlugin:80 - create IPUIPlugin
2025-06-05 14:10:35,652 [INFO] PluginManager:220 - loadIPPluginJar : add comp
2025-06-05 14:10:35,656 [INFO] IPUIPlugin:80 - create IPUIPlugin
2025-06-05 14:10:35,656 [INFO] PluginManager:220 - loadIPPluginJar : add cryp
2025-06-05 14:10:35,661 [INFO] IPUIPlugin:80 - create IPUIPlugin
2025-06-05 14:10:35,662 [INFO] PluginManager:220 - loadIPPluginJar : add ddr_ctrl_phy
2025-06-05 14:10:35,668 [INFO] IPUIPlugin:80 - create IPUIPlugin
2025-06-05 14:10:35,668 [INFO] PluginManager:220 - loadIPPluginJar : add dfsdm
2025-06-05 14:10:35,678 [INFO] IPUIPlugin:80 - create IPUIPlugin
2025-06-05 14:10:35,678 [INFO] PluginManager:220 - loadIPPluginJar : add dma
2025-06-05 14:10:35,683 [INFO] IPUIPlugin:80 - create IPUIPlugin
2025-06-05 14:10:35,683 [INFO] PluginManager:220 - loadIPPluginJar : add dma3
2025-06-05 14:10:35,688 [INFO] IPUIPlugin:80 - create IPUIPlugin
2025-06-05 14:10:35,689 [INFO] PluginManager:220 - loadIPPluginJar : add extmemmanager
2025-06-05 14:10:35,692 [INFO] IPUIPlugin:80 - create IPUIPlugin
2025-06-05 14:10:35,692 [INFO] PluginManager:220 - loadIPPluginJar : add fatfs
2025-06-05 14:10:35,705 [INFO] IPUIPlugin:80 - create IPUIPlugin
2025-06-05 14:10:35,706 [INFO] PluginManager:220 - loadIPPluginJar : add fmc
2025-06-05 14:10:35,715 [INFO] IPUIPlugin:80 - create IPUIPlugin
2025-06-05 14:10:35,716 [INFO] PluginManager:220 - loadIPPluginJar : add freertos
2025-06-05 14:10:35,718 [INFO] IPUIPlugin:80 - create IPUIPlugin
2025-06-05 14:10:35,718 [INFO] PluginManager:220 - loadIPPluginJar : add genericplugin
2025-06-05 14:10:35,722 [INFO] IPUIPlugin:80 - create IPUIPlugin
2025-06-05 14:10:35,722 [INFO] PluginManager:220 - loadIPPluginJar : add gfxmmu
2025-06-05 14:10:35,729 [INFO] IPUIPlugin:80 - create IPUIPlugin
2025-06-05 14:10:35,730 [INFO] PluginManager:220 - loadIPPluginJar : add gic
2025-06-05 14:10:35,737 [INFO] IPUIPlugin:80 - create IPUIPlugin
2025-06-05 14:10:35,738 [INFO] PluginManager:220 - loadIPPluginJar : add gpio
2025-06-05 14:10:35,743 [INFO] IPUIPlugin:80 - create IPUIPlugin
2025-06-05 14:10:35,744 [INFO] PluginManager:220 - loadIPPluginJar : add gtzc
2025-06-05 14:10:35,748 [INFO] IPUIPlugin:80 - create IPUIPlugin
2025-06-05 14:10:35,749 [INFO] PluginManager:220 - loadIPPluginJar : add hash
2025-06-05 14:10:35,755 [INFO] IPUIPlugin:80 - create IPUIPlugin
2025-06-05 14:10:35,755 [INFO] PluginManager:220 - loadIPPluginJar : add i2c
2025-06-05 14:10:35,760 [INFO] IPUIPlugin:80 - create IPUIPlugin
2025-06-05 14:10:35,761 [INFO] PluginManager:220 - loadIPPluginJar : add i2s
2025-06-05 14:10:35,768 [INFO] IPUIPlugin:80 - create IPUIPlugin
2025-06-05 14:10:35,769 [INFO] PluginManager:220 - loadIPPluginJar : add i3c
2025-06-05 14:10:35,774 [INFO] IPUIPlugin:80 - create IPUIPlugin
2025-06-05 14:10:35,775 [INFO] PluginManager:220 - loadIPPluginJar : add ipddr
2025-06-05 14:10:35,786 [INFO] IPUIPlugin:80 - create IPUIPlugin
2025-06-05 14:10:35,786 [INFO] PluginManager:220 - loadIPPluginJar : add linkedlist
2025-06-05 14:10:35,791 [INFO] IPUIPlugin:80 - create IPUIPlugin
2025-06-05 14:10:35,791 [INFO] PluginManager:220 - loadIPPluginJar : add lorawan
2025-06-05 14:10:35,794 [INFO] IPUIPlugin:80 - create IPUIPlugin
2025-06-05 14:10:35,794 [INFO] PluginManager:220 - loadIPPluginJar : add ltdc
2025-06-05 14:10:35,803 [INFO] IPUIPlugin:80 - create IPUIPlugin
2025-06-05 14:10:35,804 [INFO] PluginManager:220 - loadIPPluginJar : add mdma
2025-06-05 14:10:35,809 [INFO] IPUIPlugin:80 - create IPUIPlugin
2025-06-05 14:10:35,809 [INFO] PluginManager:220 - loadIPPluginJar : add nvic
2025-06-05 14:10:35,816 [INFO] IPUIPlugin:80 - create IPUIPlugin
2025-06-05 14:10:35,816 [INFO] PluginManager:220 - loadIPPluginJar : add opamp
2025-06-05 14:10:35,823 [INFO] IPUIPlugin:80 - create IPUIPlugin
2025-06-05 14:10:35,823 [INFO] PluginManager:220 - loadIPPluginJar : add openamp
2025-06-05 14:10:35,832 [INFO] IPUIPlugin:80 - create IPUIPlugin
2025-06-05 14:10:35,832 [INFO] PluginManager:220 - loadIPPluginJar : add pdm2pcm
2025-06-05 14:10:35,842 [INFO] IPUIPlugin:80 - create IPUIPlugin
2025-06-05 14:10:35,848 [INFO] PluginManager:220 - loadIPPluginJar : add plateformsettings
2025-06-05 14:10:35,851 [INFO] IPUIPlugin:80 - create IPUIPlugin
2025-06-05 14:10:35,852 [INFO] PluginManager:220 - loadIPPluginJar : add quadspi
2025-06-05 14:10:35,856 [INFO] IPUIPlugin:80 - create IPUIPlugin
2025-06-05 14:10:35,857 [INFO] PluginManager:220 - loadIPPluginJar : add radio
2025-06-05 14:10:35,866 [INFO] IPUIPlugin:80 - create IPUIPlugin
2025-06-05 14:10:35,867 [INFO] PluginManager:220 - loadIPPluginJar : add resmgrutility
2025-06-05 14:10:35,873 [INFO] IPUIPlugin:80 - create IPUIPlugin
2025-06-05 14:10:35,873 [INFO] PluginManager:220 - loadIPPluginJar : add sai
2025-06-05 14:10:35,881 [INFO] IPUIPlugin:80 - create IPUIPlugin
2025-06-05 14:10:35,881 [INFO] PluginManager:220 - loadIPPluginJar : add spi
2025-06-05 14:10:35,894 [INFO] IPUIPlugin:80 - create IPUIPlugin
2025-06-05 14:10:35,894 [INFO] PluginManager:220 - loadIPPluginJar : add stm32_wpan
2025-06-05 14:10:35,898 [INFO] IPUIPlugin:80 - create IPUIPlugin
2025-06-05 14:10:35,898 [INFO] PluginManager:220 - loadIPPluginJar : add tim
2025-06-05 14:10:35,905 [INFO] IPUIPlugin:80 - create IPUIPlugin
2025-06-05 14:10:35,906 [INFO] PluginManager:220 - loadIPPluginJar : add touchsensing
2025-06-05 14:10:35,910 [INFO] IPUIPlugin:80 - create IPUIPlugin
2025-06-05 14:10:35,910 [INFO] PluginManager:220 - loadIPPluginJar : add tracer_emb
2025-06-05 14:10:35,916 [INFO] IPUIPlugin:80 - create IPUIPlugin
2025-06-05 14:10:35,916 [INFO] PluginManager:220 - loadIPPluginJar : add ts
2025-06-05 14:10:35,920 [INFO] IPUIPlugin:80 - create IPUIPlugin
2025-06-05 14:10:35,921 [INFO] PluginManager:220 - loadIPPluginJar : add tsc
2025-06-05 14:10:35,924 [INFO] IPUIPlugin:80 - create IPUIPlugin
2025-06-05 14:10:35,924 [INFO] PluginManager:220 - loadIPPluginJar : add ucpd
2025-06-05 14:10:35,931 [INFO] IPUIPlugin:80 - create IPUIPlugin
2025-06-05 14:10:35,931 [INFO] PluginManager:220 - loadIPPluginJar : add usart
2025-06-05 14:10:35,944 [INFO] IPUIPlugin:80 - create IPUIPlugin
2025-06-05 14:10:35,945 [INFO] PluginManager:220 - loadIPPluginJar : add usbx
2025-06-05 14:10:36,207 [FATAL] Updater:351 - Updater called before beeing initialized
2025-06-05 14:10:36,267 [INFO] RulesReader:64 - Compatibility file has been processed (297 Rules)
2025-06-05 14:10:36,290 [INFO] RulesReader:64 - Compatibility file has been processed (297 Rules)
2025-06-05 14:10:36,303 [INFO] CADModel:165 - CPN selected for project level
2025-06-05 14:10:36,304 [INFO] CADModel:114 - Register for checkConnection events
2025-06-05 14:10:36,304 [FATAL] Updater:351 - Updater called before beeing initialized
2025-06-05 14:10:36,304 [ERROR] CADModel:125 - Updater not yet initialized, retry later 
2025-06-05 14:10:36,527 [FATAL] Updater:351 - Updater called before beeing initialized
2025-06-05 14:10:36,531 [INFO] CADModel:165 - CPN selected for project level
2025-06-05 14:10:36,531 [INFO] CADModel:114 - Register for checkConnection events
2025-06-05 14:10:36,531 [FATAL] Updater:351 - Updater called before beeing initialized
2025-06-05 14:10:36,532 [ERROR] CADModel:125 - Updater not yet initialized, retry later 
2025-06-05 14:10:36,538 [FATAL] Updater:351 - Updater called before beeing initialized
2025-06-05 14:10:36,749 [FATAL] Updater:351 - Updater called before beeing initialized
2025-06-05 14:10:36,755 [INFO] DbMcusAds:53 - JSON generation date=Wed May 07 06:07:55 ART 2025 (1746608875484)
2025-06-05 14:10:36,755 [FATAL] Updater:351 - Updater called before beeing initialized
2025-06-05 14:10:36,816 [WARN] DetailPanel:346 - Failed to get advertising image, set to default
2025-06-05 14:10:37,200 [FATAL] Updater:351 - Updater called before beeing initialized
2025-06-05 14:10:37,203 [FATAL] Updater:351 - Updater called before beeing initialized
2025-06-05 14:10:37,203 [FATAL] Updater:351 - Updater called before beeing initialized
2025-06-05 14:10:37,203 [WARN] DetailPanel:346 - Failed to get advertising image, set to default
2025-06-05 14:10:37,205 [FATAL] Updater:351 - Updater called before beeing initialized
2025-06-05 14:10:37,292 [ERROR] Updater:1198 - MainUpdater not yet initialized. External WinMGr cannot be set.
2025-06-05 14:10:37,296 [INFO] Updater:1134 - Updater Version found : 6.13.0
2025-06-05 14:10:37,322 [INFO] ApplicationProperties:184 - Using Application install path: C:\ST\STM32CubeIDE_1.17.0\STM32CubeIDE\plugins\com.st.stm32cube.common.mx_6.13.0.202411220809
2025-06-05 14:10:37,788 [INFO] ThirdPartyUpdaterWithRetryManager:70 - Updater plugin not ready yet. [2/15]
2025-06-05 14:10:38,922 [ERROR] LogOutputStream:75 - [STDERR_REDIRECT] Jun 05, 2025 2:10:38 PM java.util.prefs.WindowsPreferences <init>
2025-06-05 14:10:38,931 [ERROR] LogOutputStream:75 - [STDERR_REDIRECT] WARNING: Could not open/create prefs root node Software\JavaSoft\Prefs at root 0xffffffff80000002. Windows RegCreateKeyEx(...) returned error code 5.
2025-06-05 14:10:38,933 [ERROR] LogOutputStream:75 - [STDERR_REDIRECT] 
2025-06-05 14:10:39,437 [INFO] MainUpdater:2872 - connection check result : 10
2025-06-05 14:10:39,439 [INFO] MainUpdater:289 - Updater Check For Update Now.
2025-06-05 14:10:39,440 [INFO] MicroXplorer:498 - Change Database Version : DB.6.0.130
2025-06-05 14:10:39,456 [INFO] McuFinderGlobals:63 - Set McuFinder mode to 2 (CubeIDE integrated)
2025-06-05 14:10:39,469 [INFO] UserAuth:486 - Internet connection configuration mode: 1
2025-06-05 14:10:39,553 [INFO] JxBrowserEngine:152 - Initiate JxBrowser Engine with user profile folder
2025-06-05 14:10:39,837 [INFO] CheckServerUpdateThread:120 - End of CheckServer Thread
2025-06-05 14:10:41,506 [WARN] PackLoader:240 - Cannot read IP mode file for STMicroelectronics.FP-SNS-MOTENVWB1.1.4.0
2025-06-05 14:10:41,541 [WARN] PackLoader:240 - Cannot read IP mode file for STMicroelectronics.FP-ATR-ASTRA1.2.0.2
2025-06-05 14:10:41,567 [WARN] PackLoader:240 - Cannot read IP mode file for STMicroelectronics.X-CUBE-SMBUS.2.1.0
2025-06-05 14:10:41,596 [WARN] PackLoader:240 - Cannot read IP mode file for STMicroelectronics.X-CUBE-WB05N.1.1.0
2025-06-05 14:10:41,621 [WARN] PackLoader:240 - Cannot read IP mode file for STMicroelectronics.X-CUBE-ST60.1.0.0
2025-06-05 14:10:41,758 [WARN] PackLoader:240 - Cannot read IP mode file for STMicroelectronics.X-CUBE-AZRTOS-F7.1.1.0
2025-06-05 14:10:41,885 [WARN] PackLoader:240 - Cannot read IP mode file for Infineon.AIROC-Wi-Fi-Bluetooth-STM32.1.7.0
2025-06-05 14:10:41,954 [WARN] PackLoader:240 - Cannot read IP mode file for STMicroelectronics.X-CUBE-DISPLAY.3.0.0
2025-06-05 14:10:42,001 [WARN] PackLoader:240 - Cannot read IP mode file for STMicroelectronics.X-CUBE-NFC10.1.0.0
2025-06-05 14:10:42,032 [WARN] PackLoader:240 - Cannot read IP mode file for STMicroelectronics.X-CUBE-BLEMGR.4.0.0
2025-06-05 14:10:42,060 [WARN] PackLoader:240 - Cannot read IP mode file for emotas.I-CUBE-CANOPEN.1.3.0
2025-06-05 14:10:42,073 [WARN] ConditionMgr:438 - getConditionDescription Invalid condition id : Cortex-A Device cause : null
2025-06-05 14:10:42,156 [WARN] ConditionMgr:1044 - genDependencies : Invalid condition id : Cortex-A Device cause : null
2025-06-05 14:10:42,156 [WARN] ConditionMgr:1044 - genDependencies : Invalid condition id : Cortex-A Device cause : null
2025-06-05 14:10:42,156 [WARN] ConditionMgr:1044 - genDependencies : Invalid condition id : Cortex-A Device cause : null
2025-06-05 14:10:42,171 [WARN] PackLoader:240 - Cannot read IP mode file for STMicroelectronics.X-CUBE-AI.10.0.0
2025-06-05 14:10:42,182 [WARN] PackLoader:240 - Cannot read IP mode file for STMicroelectronics.FP-SNS-SMARTAG2.1.2.0
2025-06-05 14:10:42,194 [WARN] PackLoader:240 - Cannot read IP mode file for STMicroelectronics.FP-SNS-FLIGHT1.5.1.0
2025-06-05 14:10:42,316 [WARN] PackLoader:240 - Cannot read IP mode file for STMicroelectronics.X-CUBE-MEMS1.11.1.0
2025-06-05 14:10:42,782 [INFO] LogOutputStream:77 - [STDOUT_REDIRECT] 1 : Invalid condition id : UX_CORESTACK_Condition cause : null
2025-06-05 14:10:42,783 [INFO] LogOutputStream:77 - [STDOUT_REDIRECT] 1 : Invalid condition id : UX_CORESTACK_Condition cause : null
2025-06-05 14:10:42,787 [INFO] LogOutputStream:77 - [STDOUT_REDIRECT] 1 : Invalid condition id : UX_CORESTACK_Condition cause : null
2025-06-05 14:10:42,792 [INFO] LogOutputStream:77 - [STDOUT_REDIRECT] 1 : Invalid condition id : UX_CORESTACK_Condition cause : null
2025-06-05 14:10:42,793 [INFO] LogOutputStream:77 - [STDOUT_REDIRECT] 1 : Invalid condition id : UX_CORESTACK_Condition cause : null
2025-06-05 14:10:42,798 [WARN] PackLoader:240 - Cannot read IP mode file for STMicroelectronics.X-CUBE-AZRTOS-WL.2.0.0
2025-06-05 14:10:42,813 [WARN] PackLoader:240 - Cannot read IP mode file for STMicroelectronics.FP-SNS-MOTENV1.5.0.0
2025-06-05 14:10:42,837 [WARN] PackLoader:240 - Cannot read IP mode file for WES.I-CUBE-Cesium.1.3.0
2025-06-05 14:10:42,858 [WARN] PackLoader:240 - Cannot read IP mode file for STMicroelectronics.X-CUBE-BLE2.3.3.0
2025-06-05 14:10:42,888 [WARN] PackLoader:240 - Cannot read IP mode file for STMicroelectronics.X-CUBE-NFC9.1.0.0
2025-06-05 14:10:42,909 [WARN] PackLoader:240 - Cannot read IP mode file for STMicroelectronics.X-CUBE-BLE1.7.1.0
2025-06-05 14:10:42,917 [WARN] PackLoader:240 - Cannot read IP mode file for wolfSSL.I-CUBE-wolfMQTT.1.19.2
2025-06-05 14:10:42,924 [WARN] PackLoader:240 - Cannot read IP mode file for STMicroelectronics.X-CUBE-AI.10.1.0
2025-06-05 14:10:42,955 [INFO] WebApp:168 - Instantiating new browser for Auth
2025-06-05 14:10:43,092 [WARN] PackLoader:240 - Cannot read IP mode file for STMicroelectronics.X-CUBE-MEMS1.11.2.0
2025-06-05 14:10:43,393 [WARN] PackLoader:240 - Cannot read IP mode file for STMicroelectronics.X-CUBE-AZRTOS-G0.1.1.0
2025-06-05 14:10:43,410 [WARN] PackLoader:240 - Cannot read IP mode file for STMicroelectronics.X-CUBE-SAFEA1.1.2.2
2025-06-05 14:10:43,421 [WARN] PackLoader:240 - Cannot read IP mode file for STMicroelectronics.X-CUBE-NFC4.3.0.0
2025-06-05 14:10:43,439 [WARN] PackLoader:240 - Cannot read IP mode file for EmbeddedOffice.I-CUBE-FS-RTOS.1.0.1
2025-06-05 14:10:43,461 [WARN] PackLoader:240 - Cannot read IP mode file for STMicroelectronics.X-CUBE-WB05N.2.0.0
2025-06-05 14:10:43,469 [WARN] PackLoader:240 - Cannot read IP mode file for wolfSSL.I-CUBE-wolfTPM.3.8.0
2025-06-05 14:10:43,479 [WARN] PackLoader:240 - Cannot read IP mode file for STMicroelectronics.X-CUBE-TCPP.4.2.0
2025-06-05 14:10:43,519 [WARN] PackLoader:240 - Cannot read IP mode file for RealThread.X-CUBE-RT-Thread_Nano.4.1.1
2025-06-05 14:10:43,532 [WARN] PackLoader:240 - Cannot read IP mode file for STMicroelectronics.FP-ATR-SIGFOX1.3.2.0
2025-06-05 14:10:43,549 [WARN] PackLoader:240 - Cannot read IP mode file for STMicroelectronics.X-CUBE-EEPRMA1.5.1.0
2025-06-05 14:10:43,566 [WARN] PackLoader:240 - Cannot read IP mode file for wolfSSL.I-CUBE-wolfSSL.5.7.6
2025-06-05 14:10:43,581 [WARN] PackLoader:240 - Cannot read IP mode file for ITTIA_DB.I-CUBE-ITTIADB.8.9.0
2025-06-05 14:10:43,606 [WARN] PackLoader:240 - Cannot read IP mode file for STMicroelectronics.X-CUBE-ST67W61.1.0.0
2025-06-05 14:10:43,654 [WARN] PackLoader:240 - Cannot read IP mode file for SEGGER.I-CUBE-embOS.1.3.1
2025-06-05 14:10:43,726 [WARN] PackLoader:240 - Cannot read IP mode file for STMicroelectronics.X-CUBE-ALGOBUILD.1.4.0
2025-06-05 14:10:43,769 [WARN] PackLoader:240 - Cannot read IP mode file for STMicroelectronics.X-CUBE-AZRTOS-F4.1.1.0
2025-06-05 14:10:43,787 [WARN] PackLoader:240 - Cannot read IP mode file for Avnet-IotConnect.X-CUBE-IoTC-DA16k-PMOD.1.0.0
2025-06-05 14:10:43,795 [WARN] PackLoader:240 - Cannot read IP mode file for STMicroelectronics.X-CUBE-ISPU.2.1.0
2025-06-05 14:10:43,830 [WARN] PackLoader:240 - Cannot read IP mode file for STMicroelectronics.X-CUBE-AZRTOS-L5.2.0.0
2025-06-05 14:10:43,847 [WARN] PackLoader:240 - Cannot read IP mode file for STMicroelectronics.X-CUBE-NFC6.3.1.0
2025-06-05 14:10:43,861 [WARN] PackLoader:240 - Cannot read IP mode file for STMicroelectronics.X-CUBE-DPower.1.2.0
2025-06-05 14:10:43,874 [WARN] PackLoader:240 - Cannot read IP mode file for STMicroelectronics.X-CUBE-FREERTOS.1.3.1
2025-06-05 14:10:43,882 [WARN] PackLoader:240 - Cannot read IP mode file for STMicroelectronics.X-CUBE-FREERTOS.1.3.0
2025-06-05 14:10:43,891 [WARN] PackLoader:240 - Cannot read IP mode file for STMicroelectronics.X-CUBE-NFC7.1.0.1
2025-06-05 14:10:43,902 [WARN] PackLoader:240 - Cannot read IP mode file for STMicroelectronics.X-CUBE-DPower.1.3.0
2025-06-05 14:10:43,928 [WARN] ConditionMgr:438 - getConditionDescription Invalid condition id : LAN8742 Phy interface Condition cause : null
2025-06-05 14:10:43,929 [WARN] PackLoader:240 - Cannot read IP mode file for STMicroelectronics.X-CUBE-AZRTOS-L4.2.0.0
2025-06-05 14:10:43,931 [WARN] ConditionMgr:1044 - genDependencies : Invalid condition id : LAN8742 Phy interface Condition cause : null
2025-06-05 14:10:43,932 [WARN] ConditionMgr:1044 - genDependencies : Invalid condition id : LAN8742 Phy interface Condition cause : null
2025-06-05 14:10:43,932 [WARN] ConditionMgr:1044 - genDependencies : Invalid condition id : LAN8742 Phy interface Condition cause : null
2025-06-05 14:10:43,954 [WARN] PackLoader:240 - Cannot read IP mode file for STMicroelectronics.X-CUBE-SFXS2LP1.4.0.0
2025-06-05 14:10:43,986 [WARN] PackLoader:240 - Cannot read IP mode file for STMicroelectronics.X-CUBE-AZRTOS-H7.3.3.0
2025-06-05 14:10:44,020 [WARN] ConditionMgr:438 - getConditionDescription Invalid condition id : UX DEVICE CLASS RTOS Condition cause : null
2025-06-05 14:10:44,020 [WARN] ConditionMgr:438 - getConditionDescription Invalid condition id : UX DEVICE CLASS RTOS Condition cause : null
2025-06-05 14:10:44,024 [WARN] PackLoader:240 - Cannot read IP mode file for STMicroelectronics.X-CUBE-AZRTOS-WB.2.0.0
2025-06-05 14:10:44,025 [WARN] ConditionMgr:1044 - genDependencies : Invalid condition id : UX DEVICE CLASS RTOS Condition cause : null
2025-06-05 14:10:44,025 [WARN] ConditionMgr:1044 - genDependencies : Invalid condition id : UX DEVICE CLASS RTOS Condition cause : null
2025-06-05 14:10:44,026 [WARN] ConditionMgr:1044 - genDependencies : Invalid condition id : UX DEVICE CLASS RTOS Condition cause : null
2025-06-05 14:10:44,027 [WARN] ConditionMgr:1044 - genDependencies : Invalid condition id : UX DEVICE CLASS RTOS Condition cause : null
2025-06-05 14:10:44,027 [WARN] ConditionMgr:1044 - genDependencies : Invalid condition id : UX DEVICE CLASS RTOS Condition cause : null
2025-06-05 14:10:44,040 [WARN] PackLoader:240 - Cannot read IP mode file for STMicroelectronics.X-CUBE-GNSS1.7.0.1
2025-06-05 14:10:44,049 [WARN] PackLoader:240 - Cannot read IP mode file for STMicroelectronics.X-CUBE-TOUCHGFX.4.25.0
2025-06-05 14:10:44,060 [WARN] PackLoader:240 - Cannot read IP mode file for STMicroelectronics.FP-SNS-STBOX1.2.0.0
2025-06-05 14:10:44,080 [WARN] PackLoader:240 - Cannot read IP mode file for STMicroelectronics.X-CUBE-SUBG2.5.0.0
2025-06-05 14:10:44,123 [WARN] PackLoader:240 - Cannot read IP mode file for STMicroelectronics.X-CUBE-AZRTOS-H7RS.1.1.0
2025-06-05 14:10:44,141 [WARN] PackLoader:240 - Cannot read IP mode file for Cesanta.I-CUBE-Mongoose.7.13.0
2025-06-05 14:10:44,166 [WARN] PackLoader:240 - Cannot read IP mode file for STMicroelectronics.X-CUBE-AZRTOS-G4.2.0.0
2025-06-05 14:10:44,176 [WARN] PackLoader:240 - Cannot read IP mode file for wolfSSL.I-CUBE-wolfSSH.1.4.20
2025-06-05 14:10:44,183 [WARN] PackLoader:240 - Cannot read IP mode file for STMicroelectronics.X-CUBE-NFC7.2.0.0
2025-06-05 14:10:44,205 [WARN] PackLoader:240 - Cannot read IP mode file for STMicroelectronics.X-CUBE-IPS.3.1.0
2025-06-05 14:10:44,225 [WARN] PackLoader:240 - Cannot read IP mode file for STMicroelectronics.X-CUBE-ALS.1.0.2
2025-06-05 14:10:44,235 [WARN] PackLoader:240 - Cannot read IP mode file for portGmbH.I-Cube-SoM-uGOAL.1.1.0
2025-06-05 14:10:44,258 [WARN] PackLoader:240 - Cannot read IP mode file for STMicroelectronics.X-CUBE-TOF1.3.4.2
2025-06-05 14:10:44,288 [WARN] PackLoader:240 - Cannot read IP mode file for STMicroelectronics.X-CUBE-TOF1.3.4.3
2025-06-05 14:10:44,311 [INFO] ThirdParty:978 - Integrity check success = true
2025-06-05 14:10:44,317 [INFO] IntegrityCheckThread:100 - exiting critical section [integrity check]
2025-06-05 14:10:44,317 [INFO] IntegrityCheckThread:103 - End integrity checks thread
2025-06-05 14:10:45,468 [INFO] WebApp:449 - Apply proxy settings
2025-06-05 14:10:45,469 [INFO] WebApp:534 - Chromium requires no authentication
2025-06-05 14:10:45,486 [INFO] WebApp:477 - Direct internet connection detected
2025-06-05 14:10:45,532 [INFO] WebApp:880 - Register for checkConnection events
2025-06-05 14:10:45,533 [INFO] WebApp:449 - Apply proxy settings
2025-06-05 14:10:45,533 [INFO] WebApp:534 - Chromium requires no authentication
2025-06-05 14:10:45,534 [INFO] WebApp:477 - Direct internet connection detected
2025-06-05 14:10:45,867 [INFO] WebApp:221 - Starting web application
2025-06-05 14:10:45,867 [INFO] WebApp:579 - Web application path used C:\ST\STM32CubeIDE_1.17.0\STM32CubeIDE\plugins\com.st.stm32cube.common.mx_6.13.0.202411220809\db\plugins\mcufinder\reactClient1\index.html
2025-06-05 14:10:46,022 [INFO] UserAuth:486 - Internet connection configuration mode: 1
2025-06-05 14:10:46,815 [INFO] WebApp:187 - Connection restablished
2025-06-05 14:11:26,948 [ERROR] LogOutputStream:75 - [STDERR_REDIRECT] 
2025-06-05 14:11:26,949 [ERROR] LogOutputStream:75 - [STDERR_REDIRECT] 
