2025-03-25 09:01:35,373 [INFO] Activator:176 - 


2025-03-25 09:01:35,383 [INFO] Activator:177 - !SESSION log4j initialized
2025-03-25 09:01:48,884 [INFO] LogOutputStream:77 - [STDOUT_REDIRECT] 
2025-03-25 09:01:53,771 [INFO] ApplicationProperties:184 - Using Application install path: C:\ST\STM32CubeIDE_1.17.0\STM32CubeIDE\plugins\com.st.stm32cube.common.mx_6.13.0.202411220809
2025-03-25 09:01:53,794 [INFO] DbMcusXml:78 - Set database path to: C:\ST\STM32CubeIDE_1.17.0\STM32CubeIDE\plugins\com.st.stm32cube.common.mx_6.13.0.202411220809\\db\/mcu/
2025-03-25 09:01:53,796 [INFO] ApiDb:274 - Set plugin database path to: C:\ST\STM32CubeIDE_1.17.0\STM32CubeIDE\plugins\com.st.stm32cube.common.mx_6.13.0.202411220809\\db\/plugins/boardmanager/
2025-03-25 09:01:53,797 [WARN] ApiDb:259 - Overriding images path with different value:  => C:\ST\STM32CubeIDE_1.17.0\STM32CubeIDE\plugins\com.st.stm32cube.common.mx_6.13.0.202411220809\\db\/plugins/mcufinder/images/
2025-03-25 09:01:53,809 [INFO] ApiDb:250 - Set database path to: C:\Users\Santiago\.stmcufinder\plugins\mcufinder//mcu/
2025-03-25 09:01:53,811 [INFO] DbMcusAds:125 - Set database path to: C:\Users\Santiago\.stmcufinder\plugins\mcufinder//mcu/
2025-03-25 09:01:53,814 [INFO] CrossReferenceDbSqlite:203 - Set database path to: C:\Users\Santiago\.stmcufinder\plugins\mcufinder//mcu/cs/
2025-03-25 09:01:54,008 [INFO] RulesReader:64 - Compatibility file has been processed (297 Rules)
2025-03-25 09:01:54,132 [INFO] DbMcusXml:78 - Set database path to: C:\ST\STM32CubeIDE_1.17.0\STM32CubeIDE\plugins\com.st.stm32cube.common.mx_6.13.0.202411220809\\db\/mcu/
2025-03-25 09:01:54,132 [INFO] ApiDb:274 - Set plugin database path to: C:\ST\STM32CubeIDE_1.17.0\STM32CubeIDE\plugins\com.st.stm32cube.common.mx_6.13.0.202411220809\\db\/plugins/boardmanager/
2025-03-25 09:01:54,132 [INFO] ApiDb:261 - Set plugin images path to: C:\ST\STM32CubeIDE_1.17.0\STM32CubeIDE\plugins\com.st.stm32cube.common.mx_6.13.0.202411220809\\db\/plugins/mcufinder/images/
2025-03-25 09:01:54,132 [WARN] DbFile:41 - Overriding database path with different value: C:\Users\Santiago\.stmcufinder\plugins\mcufinder/ => C:\Users\Santiago\.stmcufinder\plugins\mcufinder
2025-03-25 09:01:54,133 [INFO] ApiDb:250 - Set database path to: C:\Users\Santiago\.stmcufinder\plugins\mcufinder//mcu/
2025-03-25 09:01:54,133 [WARN] DbFile:41 - Overriding database path with different value: C:\Users\Santiago\.stmcufinder\plugins\mcufinder/ => C:\Users\Santiago\.stmcufinder\plugins\mcufinder
2025-03-25 09:01:54,133 [INFO] DbMcusAds:125 - Set database path to: C:\Users\Santiago\.stmcufinder\plugins\mcufinder//mcu/
2025-03-25 09:01:54,133 [WARN] DbFile:41 - Overriding database path with different value: C:\Users\Santiago\.stmcufinder\plugins\mcufinder/ => C:\Users\Santiago\.stmcufinder\plugins\mcufinder
2025-03-25 09:01:54,133 [WARN] DbFile:41 - Overriding database path with different value: C:\Users\Santiago\.stmcufinder\plugins\mcufinder/ => C:\Users\Santiago\.stmcufinder\plugins\mcufinder
2025-03-25 09:01:54,133 [INFO] CrossReferenceDbSqlite:203 - Set database path to: C:\Users\Santiago\.stmcufinder\plugins\mcufinder//mcu/cs/
2025-03-25 09:01:54,250 [INFO] MainPanel:272 - HeapMemory: 268435456
2025-03-25 09:01:54,415 [INFO] DbMcusXml:78 - Set database path to: C:\ST\STM32CubeIDE_1.17.0\STM32CubeIDE\plugins\com.st.stm32cube.common.mx_6.13.0.202411220809\\db\/mcu/
2025-03-25 09:01:54,416 [INFO] ApiDb:274 - Set plugin database path to: C:\ST\STM32CubeIDE_1.17.0\STM32CubeIDE\plugins\com.st.stm32cube.common.mx_6.13.0.202411220809\\db\/plugins/boardmanager/
2025-03-25 09:01:54,416 [INFO] ApiDb:261 - Set plugin images path to: C:\ST\STM32CubeIDE_1.17.0\STM32CubeIDE\plugins\com.st.stm32cube.common.mx_6.13.0.202411220809\\db\/plugins/mcufinder/images/
2025-03-25 09:01:54,416 [WARN] DbFile:41 - Overriding database path with different value: C:\Users\Santiago\.stmcufinder\plugins\mcufinder/ => C:\Users\Santiago\.stmcufinder\plugins\mcufinder
2025-03-25 09:01:54,417 [INFO] ApiDb:250 - Set database path to: C:\Users\Santiago\.stmcufinder\plugins\mcufinder//mcu/
2025-03-25 09:01:54,417 [WARN] DbFile:41 - Overriding database path with different value: C:\Users\Santiago\.stmcufinder\plugins\mcufinder/ => C:\Users\Santiago\.stmcufinder\plugins\mcufinder
2025-03-25 09:01:54,417 [INFO] DbMcusAds:125 - Set database path to: C:\Users\Santiago\.stmcufinder\plugins\mcufinder//mcu/
2025-03-25 09:01:54,417 [WARN] DbFile:41 - Overriding database path with different value: C:\Users\Santiago\.stmcufinder\plugins\mcufinder/ => C:\Users\Santiago\.stmcufinder\plugins\mcufinder
2025-03-25 09:01:54,417 [WARN] DbFile:41 - Overriding database path with different value: C:\Users\Santiago\.stmcufinder\plugins\mcufinder/ => C:\Users\Santiago\.stmcufinder\plugins\mcufinder
2025-03-25 09:01:54,417 [INFO] CrossReferenceDbSqlite:203 - Set database path to: C:\Users\Santiago\.stmcufinder\plugins\mcufinder//mcu/cs/
2025-03-25 09:01:54,444 [INFO] ApplicationProperties:184 - Using Application install path: C:\ST\STM32CubeIDE_1.17.0\STM32CubeIDE\plugins\com.st.stm32cube.common.mx_6.13.0.202411220809
2025-03-25 09:01:54,446 [INFO] PluginManage:196 - Search for loadable plugins [exclusion list=, ]
2025-03-25 09:01:54,448 [INFO] PluginManage:310 - Check plugin analytics
2025-03-25 09:01:54,811 [INFO] AnalyticsPlugin:253 - Accepted Software Licenses: 
2025-03-25 09:01:54,811 [INFO] AnalyticsPlugin:255 - Accepted CMSIS Pack Licenses: 
2025-03-25 09:01:54,812 [INFO] AnalyticsPlugin:257 - Accepted Firmware Licenses: 
2025-03-25 09:01:54,819 [INFO] PluginManage:359 - Loaded plugin analytics (category:tool,tabindex:-1)
2025-03-25 09:01:54,819 [INFO] PluginManage:310 - Check plugin cadmodel
2025-03-25 09:01:54,852 [INFO] CADModel:105 - Init CAD model plugin
2025-03-25 09:01:54,852 [INFO] PluginManage:359 - Loaded plugin cadmodel (category:power,tabindex:5)
2025-03-25 09:01:54,853 [INFO] PluginManage:310 - Check plugin clock
2025-03-25 09:01:54,892 [INFO] PluginManage:359 - Loaded plugin clock (category:base,tabindex:2)
2025-03-25 09:01:54,892 [INFO] PluginManage:310 - Check plugin ddr
2025-03-25 09:01:54,896 [INFO] PluginManage:359 - Loaded plugin ddr (category:tool,tabindex:6)
2025-03-25 09:01:54,897 [INFO] PluginManage:310 - Check plugin filemanager
2025-03-25 09:01:55,180 [INFO] PluginManage:359 - Loaded plugin filemanager (category:base,tabindex:10)
2025-03-25 09:01:55,181 [INFO] PluginManage:310 - Check plugin ipmanager
2025-03-25 09:01:55,193 [INFO] PluginManage:359 - Loaded plugin ipmanager (category:base,tabindex:5)
2025-03-25 09:01:55,194 [INFO] PluginManage:310 - Check plugin lpbam
2025-03-25 09:01:55,228 [INFO] PluginManage:359 - Loaded plugin lpbam (category:base,tabindex:0)
2025-03-25 09:01:55,228 [INFO] PluginManage:310 - Check plugin memorymap
2025-03-25 09:01:55,274 [INFO] PluginManage:359 - Loaded plugin memorymap (category:base,tabindex:4)
2025-03-25 09:01:55,274 [INFO] PluginManage:310 - Check plugin pinoutandconfiguration
2025-03-25 09:01:55,312 [INFO] PluginManage:359 - Loaded plugin pinoutandconfiguration (category:base,tabindex:1)
2025-03-25 09:01:55,312 [INFO] PluginManage:310 - Check plugin pinoutconfig
2025-03-25 09:01:55,497 [WARN] SupportedApi:132 - Cannot load RTOS API schema: s4s-elt-must-match.1: The content of 'definitions' must match (annotation?, (simpleType | complexType)?, (unique | key | keyref)*)). A problem was found starting at: attribute.
2025-03-25 09:01:55,728 [INFO] PluginManage:359 - Loaded plugin pinoutconfig (category:base,tabindex:0)
2025-03-25 09:01:55,729 [INFO] PluginManage:310 - Check plugin power
2025-03-25 09:01:55,773 [INFO] PluginManage:359 - Loaded plugin power (category:power,tabindex:4)
2025-03-25 09:01:55,773 [INFO] PluginManage:310 - Check plugin projectmanager
2025-03-25 09:01:55,808 [INFO] PluginManage:359 - Loaded plugin projectmanager (category:projectmanager,tabindex:4)
2025-03-25 09:01:55,808 [INFO] PluginManage:310 - Check plugin rif
2025-03-25 09:01:55,858 [INFO] PluginManage:359 - Loaded plugin rif (category:base,tabindex:3)
2025-03-25 09:01:55,858 [INFO] PluginManage:310 - Check plugin thirdparty
2025-03-25 09:01:56,472 [INFO] PluginManage:359 - Loaded plugin thirdparty (category:base,tabindex:-1)
2025-03-25 09:01:56,472 [WARN] IntegrityCheckThread:84 - waiting for thirdparty lock release [integrity check]
2025-03-25 09:01:56,472 [INFO] PluginManage:310 - Check plugin tools
2025-03-25 09:01:56,472 [INFO] IntegrityCheckThread:86 - entering critical section [integrity check]
2025-03-25 09:01:56,473 [INFO] ThirdPartyUpdaterWithRetryManager:70 - Updater plugin not ready yet. [1/15]
2025-03-25 09:01:56,588 [INFO] PluginManage:359 - Loaded plugin tools (category:base,tabindex:7)
2025-03-25 09:01:56,588 [INFO] PluginManage:310 - Check plugin tutovideos
2025-03-25 09:01:56,946 [INFO] PluginManage:359 - Loaded plugin tutovideos (category:base,tabindex:-1)
2025-03-25 09:01:56,947 [INFO] PluginManage:310 - Check plugin updater
2025-03-25 09:01:56,981 [INFO] PluginManage:359 - Loaded plugin updater (category:base,tabindex:12)
2025-03-25 09:01:56,981 [INFO] PluginManage:310 - Check plugin userauth
2025-03-25 09:01:56,988 [INFO] UserAuth:118 - Init User Auth plugin
2025-03-25 09:01:56,989 [INFO] PluginManage:359 - Loaded plugin userauth (category:base,tabindex:14)
2025-03-25 09:01:56,990 [INFO] PluginManage:283 - PluginManage : Loaded plugins [18]
2025-03-25 09:01:57,359 [INFO] PinOutPanel:1589 - setPackage(No Configuration,No Configuration)
2025-03-25 09:01:57,494 [INFO] CADModel:165 - CPN selected for project level
2025-03-25 09:01:57,495 [INFO] CADModel:114 - Register for checkConnection events
2025-03-25 09:01:57,541 [INFO] IPUIPlugin:80 - create IPUIPlugin
2025-03-25 09:01:57,541 [INFO] PluginManager:220 - loadIPPluginJar : add adc
2025-03-25 09:01:57,647 [INFO] IPUIPlugin:80 - create IPUIPlugin
2025-03-25 09:01:57,648 [INFO] PluginManager:220 - loadIPPluginJar : add aes
2025-03-25 09:01:57,780 [INFO] IPUIPlugin:80 - create IPUIPlugin
2025-03-25 09:01:57,781 [INFO] PluginManager:220 - loadIPPluginJar : add can
2025-03-25 09:01:57,846 [INFO] IPUIPlugin:80 - create IPUIPlugin
2025-03-25 09:01:57,847 [INFO] PluginManager:220 - loadIPPluginJar : add comp
2025-03-25 09:01:57,951 [INFO] IPUIPlugin:80 - create IPUIPlugin
2025-03-25 09:01:57,952 [INFO] PluginManager:220 - loadIPPluginJar : add cryp
2025-03-25 09:01:57,984 [INFO] IPUIPlugin:80 - create IPUIPlugin
2025-03-25 09:01:57,984 [INFO] PluginManager:220 - loadIPPluginJar : add ddr_ctrl_phy
2025-03-25 09:01:58,058 [INFO] IPUIPlugin:80 - create IPUIPlugin
2025-03-25 09:01:58,058 [INFO] PluginManager:220 - loadIPPluginJar : add dfsdm
2025-03-25 09:01:58,092 [INFO] IPUIPlugin:80 - create IPUIPlugin
2025-03-25 09:01:58,094 [INFO] PluginManager:220 - loadIPPluginJar : add dma
2025-03-25 09:01:58,184 [INFO] IPUIPlugin:80 - create IPUIPlugin
2025-03-25 09:01:58,184 [INFO] PluginManager:220 - loadIPPluginJar : add dma3
2025-03-25 09:01:58,294 [INFO] IPUIPlugin:80 - create IPUIPlugin
2025-03-25 09:01:58,294 [INFO] PluginManager:220 - loadIPPluginJar : add extmemmanager
2025-03-25 09:01:58,341 [INFO] IPUIPlugin:80 - create IPUIPlugin
2025-03-25 09:01:58,341 [INFO] PluginManager:220 - loadIPPluginJar : add fatfs
2025-03-25 09:01:58,450 [INFO] IPUIPlugin:80 - create IPUIPlugin
2025-03-25 09:01:58,450 [INFO] PluginManager:220 - loadIPPluginJar : add fmc
2025-03-25 09:01:58,479 [INFO] IPUIPlugin:80 - create IPUIPlugin
2025-03-25 09:01:58,480 [INFO] PluginManager:220 - loadIPPluginJar : add freertos
2025-03-25 09:01:58,528 [INFO] IPUIPlugin:80 - create IPUIPlugin
2025-03-25 09:01:58,528 [INFO] PluginManager:220 - loadIPPluginJar : add genericplugin
2025-03-25 09:01:58,709 [INFO] IPUIPlugin:80 - create IPUIPlugin
2025-03-25 09:01:58,710 [INFO] PluginManager:220 - loadIPPluginJar : add gfxmmu
2025-03-25 09:01:58,983 [INFO] IPUIPlugin:80 - create IPUIPlugin
2025-03-25 09:01:58,983 [INFO] PluginManager:220 - loadIPPluginJar : add gic
2025-03-25 09:01:59,015 [INFO] IPUIPlugin:80 - create IPUIPlugin
2025-03-25 09:01:59,015 [INFO] PluginManager:220 - loadIPPluginJar : add gpio
2025-03-25 09:01:59,179 [INFO] IPUIPlugin:80 - create IPUIPlugin
2025-03-25 09:01:59,179 [INFO] PluginManager:220 - loadIPPluginJar : add gtzc
2025-03-25 09:01:59,241 [INFO] IPUIPlugin:80 - create IPUIPlugin
2025-03-25 09:01:59,242 [INFO] PluginManager:220 - loadIPPluginJar : add hash
2025-03-25 09:01:59,340 [INFO] IPUIPlugin:80 - create IPUIPlugin
2025-03-25 09:01:59,341 [INFO] PluginManager:220 - loadIPPluginJar : add i2c
2025-03-25 09:01:59,409 [INFO] IPUIPlugin:80 - create IPUIPlugin
2025-03-25 09:01:59,409 [INFO] PluginManager:220 - loadIPPluginJar : add i2s
2025-03-25 09:01:59,474 [INFO] ThirdPartyUpdaterWithRetryManager:70 - Updater plugin not ready yet. [2/15]
2025-03-25 09:01:59,484 [INFO] IPUIPlugin:80 - create IPUIPlugin
2025-03-25 09:01:59,484 [INFO] PluginManager:220 - loadIPPluginJar : add i3c
2025-03-25 09:01:59,660 [INFO] IPUIPlugin:80 - create IPUIPlugin
2025-03-25 09:01:59,661 [INFO] PluginManager:220 - loadIPPluginJar : add ipddr
2025-03-25 09:01:59,880 [INFO] IPUIPlugin:80 - create IPUIPlugin
2025-03-25 09:01:59,880 [INFO] PluginManager:220 - loadIPPluginJar : add linkedlist
2025-03-25 09:01:59,957 [INFO] IPUIPlugin:80 - create IPUIPlugin
2025-03-25 09:01:59,958 [INFO] PluginManager:220 - loadIPPluginJar : add lorawan
2025-03-25 09:02:00,038 [INFO] IPUIPlugin:80 - create IPUIPlugin
2025-03-25 09:02:00,038 [INFO] PluginManager:220 - loadIPPluginJar : add ltdc
2025-03-25 09:02:00,067 [INFO] IPUIPlugin:80 - create IPUIPlugin
2025-03-25 09:02:00,067 [INFO] PluginManager:220 - loadIPPluginJar : add mdma
2025-03-25 09:02:00,094 [INFO] IPUIPlugin:80 - create IPUIPlugin
2025-03-25 09:02:00,094 [INFO] PluginManager:220 - loadIPPluginJar : add nvic
2025-03-25 09:02:00,179 [INFO] IPUIPlugin:80 - create IPUIPlugin
2025-03-25 09:02:00,179 [INFO] PluginManager:220 - loadIPPluginJar : add opamp
2025-03-25 09:02:00,303 [INFO] IPUIPlugin:80 - create IPUIPlugin
2025-03-25 09:02:00,304 [INFO] PluginManager:220 - loadIPPluginJar : add openamp
2025-03-25 09:02:00,405 [INFO] IPUIPlugin:80 - create IPUIPlugin
2025-03-25 09:02:00,405 [INFO] PluginManager:220 - loadIPPluginJar : add pdm2pcm
2025-03-25 09:02:00,435 [INFO] IPUIPlugin:80 - create IPUIPlugin
2025-03-25 09:02:00,439 [INFO] PluginManager:220 - loadIPPluginJar : add plateformsettings
2025-03-25 09:02:00,498 [INFO] IPUIPlugin:80 - create IPUIPlugin
2025-03-25 09:02:00,499 [INFO] PluginManager:220 - loadIPPluginJar : add quadspi
2025-03-25 09:02:00,555 [INFO] IPUIPlugin:80 - create IPUIPlugin
2025-03-25 09:02:00,557 [INFO] PluginManager:220 - loadIPPluginJar : add radio
2025-03-25 09:02:00,591 [INFO] IPUIPlugin:80 - create IPUIPlugin
2025-03-25 09:02:00,591 [INFO] PluginManager:220 - loadIPPluginJar : add resmgrutility
2025-03-25 09:02:00,708 [INFO] IPUIPlugin:80 - create IPUIPlugin
2025-03-25 09:02:00,708 [INFO] PluginManager:220 - loadIPPluginJar : add sai
2025-03-25 09:02:00,805 [INFO] IPUIPlugin:80 - create IPUIPlugin
2025-03-25 09:02:00,805 [INFO] PluginManager:220 - loadIPPluginJar : add spi
2025-03-25 09:02:00,977 [INFO] IPUIPlugin:80 - create IPUIPlugin
2025-03-25 09:02:00,978 [INFO] PluginManager:220 - loadIPPluginJar : add stm32_wpan
2025-03-25 09:02:01,038 [INFO] IPUIPlugin:80 - create IPUIPlugin
2025-03-25 09:02:01,038 [INFO] PluginManager:220 - loadIPPluginJar : add tim
2025-03-25 09:02:01,208 [INFO] IPUIPlugin:80 - create IPUIPlugin
2025-03-25 09:02:01,208 [INFO] PluginManager:220 - loadIPPluginJar : add touchsensing
2025-03-25 09:02:01,273 [INFO] IPUIPlugin:80 - create IPUIPlugin
2025-03-25 09:02:01,274 [INFO] PluginManager:220 - loadIPPluginJar : add tracer_emb
2025-03-25 09:02:01,340 [INFO] IPUIPlugin:80 - create IPUIPlugin
2025-03-25 09:02:01,341 [INFO] PluginManager:220 - loadIPPluginJar : add ts
2025-03-25 09:02:01,406 [INFO] IPUIPlugin:80 - create IPUIPlugin
2025-03-25 09:02:01,406 [INFO] PluginManager:220 - loadIPPluginJar : add tsc
2025-03-25 09:02:01,470 [INFO] IPUIPlugin:80 - create IPUIPlugin
2025-03-25 09:02:01,470 [INFO] PluginManager:220 - loadIPPluginJar : add ucpd
2025-03-25 09:02:01,604 [INFO] IPUIPlugin:80 - create IPUIPlugin
2025-03-25 09:02:01,604 [INFO] PluginManager:220 - loadIPPluginJar : add usart
2025-03-25 09:02:01,720 [INFO] IPUIPlugin:80 - create IPUIPlugin
2025-03-25 09:02:01,720 [INFO] PluginManager:220 - loadIPPluginJar : add usbx
2025-03-25 09:02:01,900 [FATAL] Updater:351 - Updater called before beeing initialized
2025-03-25 09:02:01,948 [INFO] RulesReader:64 - Compatibility file has been processed (297 Rules)
2025-03-25 09:02:01,969 [INFO] RulesReader:64 - Compatibility file has been processed (297 Rules)
2025-03-25 09:02:01,981 [INFO] CADModel:165 - CPN selected for project level
2025-03-25 09:02:01,982 [INFO] CADModel:114 - Register for checkConnection events
2025-03-25 09:02:01,982 [FATAL] Updater:351 - Updater called before beeing initialized
2025-03-25 09:02:01,982 [ERROR] CADModel:125 - Updater not yet initialized, retry later 
2025-03-25 09:02:02,226 [FATAL] Updater:351 - Updater called before beeing initialized
2025-03-25 09:02:02,230 [INFO] CADModel:165 - CPN selected for project level
2025-03-25 09:02:02,230 [INFO] CADModel:114 - Register for checkConnection events
2025-03-25 09:02:02,230 [FATAL] Updater:351 - Updater called before beeing initialized
2025-03-25 09:02:02,230 [ERROR] CADModel:125 - Updater not yet initialized, retry later 
2025-03-25 09:02:02,236 [FATAL] Updater:351 - Updater called before beeing initialized
2025-03-25 09:02:02,445 [FATAL] Updater:351 - Updater called before beeing initialized
2025-03-25 09:02:02,468 [INFO] DbMcusAds:53 - JSON generation date=Thu Mar 06 11:54:21 ART 2025 (1741272861825)
2025-03-25 09:02:02,468 [FATAL] Updater:351 - Updater called before beeing initialized
2025-03-25 09:02:02,476 [INFO] ThirdPartyUpdaterWithRetryManager:70 - Updater plugin not ready yet. [3/15]
2025-03-25 09:02:02,539 [WARN] DetailPanel:346 - Failed to get advertising image, set to default
2025-03-25 09:02:02,984 [FATAL] Updater:351 - Updater called before beeing initialized
2025-03-25 09:02:02,987 [FATAL] Updater:351 - Updater called before beeing initialized
2025-03-25 09:02:02,987 [FATAL] Updater:351 - Updater called before beeing initialized
2025-03-25 09:02:02,988 [WARN] DetailPanel:346 - Failed to get advertising image, set to default
2025-03-25 09:02:02,989 [FATAL] Updater:351 - Updater called before beeing initialized
2025-03-25 09:02:03,088 [ERROR] Updater:1198 - MainUpdater not yet initialized. External WinMGr cannot be set.
2025-03-25 09:02:03,112 [INFO] Updater:1134 - Updater Version found : 6.13.0
2025-03-25 09:02:03,145 [INFO] ApplicationProperties:184 - Using Application install path: C:\ST\STM32CubeIDE_1.17.0\STM32CubeIDE\plugins\com.st.stm32cube.common.mx_6.13.0.202411220809
2025-03-25 09:02:04,745 [ERROR] LogOutputStream:75 - [STDERR_REDIRECT] Mar 25, 2025 9:02:04 AM java.util.prefs.WindowsPreferences <init>
2025-03-25 09:02:04,748 [ERROR] LogOutputStream:75 - [STDERR_REDIRECT] WARNING: Could not open/create prefs root node Software\JavaSoft\Prefs at root 0xffffffff80000002. Windows RegCreateKeyEx(...) returned error code 5.
2025-03-25 09:02:04,749 [ERROR] LogOutputStream:75 - [STDERR_REDIRECT] 
2025-03-25 09:02:05,338 [INFO] MainUpdater:2872 - connection check result : 10
2025-03-25 09:02:05,339 [INFO] MainUpdater:3566 - Updater definition file requires update
2025-03-25 09:02:05,341 [INFO] MainUpdater:289 - Updater Check For Update Now.
2025-03-25 09:02:05,341 [INFO] MicroXplorer:498 - Change Database Version : DB.6.0.130
2025-03-25 09:02:05,383 [INFO] McuFinderGlobals:63 - Set McuFinder mode to 2 (CubeIDE integrated)
2025-03-25 09:02:05,384 [INFO] UserAuth:171 - activating auth plugin
2025-03-25 09:02:05,391 [INFO] UserAuth:486 - Internet connection configuration mode: 1
2025-03-25 09:02:05,447 [INFO] JxBrowserEngine:152 - Initiate JxBrowser Engine with user profile folder
2025-03-25 09:02:05,456 [INFO] ServerAccessManage:473 - Download File updaters.zip
2025-03-25 09:02:05,478 [WARN] MainUpdater:1193 - Updater busy. Cannot search thirdparties
2025-03-25 09:02:05,478 [INFO] ThirdPartyUpdaterWithRetryManager:96 - Updater plugin is busy. [1/15]
2025-03-25 09:02:05,822 [INFO] FileExtend:240 - Unzip File : updaters.zip
2025-03-25 09:02:05,822 [INFO] FileExtend:255 - Standard Zip Deflate
2025-03-25 09:02:06,740 [INFO] ServerAccessManage:473 - Download File PacksControlFlags.xml
2025-03-25 09:02:07,356 [INFO] ServerAccessManage:473 - Download File cubemx.pidx
2025-03-25 09:02:07,668 [INFO] LoadServerUpdatesThread:375 - End of LoadServerUpdate Thread
2025-03-25 09:02:08,105 [INFO] CheckServerUpdateThread:120 - End of CheckServer Thread
2025-03-25 09:02:09,356 [WARN] PackLoader:240 - Cannot read IP mode file for STMicroelectronics.FP-SNS-MOTENVWB1.1.4.0
2025-03-25 09:02:09,392 [WARN] PackLoader:240 - Cannot read IP mode file for STMicroelectronics.FP-ATR-ASTRA1.2.0.2
2025-03-25 09:02:09,431 [WARN] PackLoader:240 - Cannot read IP mode file for STMicroelectronics.X-CUBE-SMBUS.2.1.0
2025-03-25 09:02:09,482 [WARN] PackLoader:240 - Cannot read IP mode file for STMicroelectronics.X-CUBE-WB05N.1.1.0
2025-03-25 09:02:09,878 [WARN] PackLoader:240 - Cannot read IP mode file for STMicroelectronics.X-CUBE-AZRTOS-F7.1.1.0
2025-03-25 09:02:09,990 [WARN] PackLoader:240 - Cannot read IP mode file for Infineon.AIROC-Wi-Fi-Bluetooth-STM32.1.7.0
2025-03-25 09:02:10,188 [WARN] PackLoader:240 - Cannot read IP mode file for STMicroelectronics.X-CUBE-DISPLAY.3.0.0
2025-03-25 09:02:10,570 [WARN] PackLoader:240 - Cannot read IP mode file for STMicroelectronics.X-CUBE-NFC10.1.0.0
2025-03-25 09:02:10,804 [WARN] PackLoader:240 - Cannot read IP mode file for STMicroelectronics.X-CUBE-BLEMGR.4.0.0
2025-03-25 09:02:11,018 [WARN] PackLoader:240 - Cannot read IP mode file for emotas.I-CUBE-CANOPEN.1.3.0
2025-03-25 09:02:11,051 [WARN] ConditionMgr:438 - getConditionDescription Invalid condition id : Cortex-A Device cause : null
2025-03-25 09:02:11,092 [WARN] ConditionMgr:1044 - genDependencies : Invalid condition id : Cortex-A Device cause : null
2025-03-25 09:02:11,093 [WARN] ConditionMgr:1044 - genDependencies : Invalid condition id : Cortex-A Device cause : null
2025-03-25 09:02:11,093 [WARN] ConditionMgr:1044 - genDependencies : Invalid condition id : Cortex-A Device cause : null
2025-03-25 09:02:11,120 [WARN] PackLoader:240 - Cannot read IP mode file for STMicroelectronics.X-CUBE-AI.10.0.0
2025-03-25 09:02:11,149 [WARN] PackLoader:240 - Cannot read IP mode file for STMicroelectronics.FP-SNS-SMARTAG2.1.2.0
2025-03-25 09:02:11,178 [WARN] PackLoader:240 - Cannot read IP mode file for STMicroelectronics.FP-SNS-FLIGHT1.5.1.0
2025-03-25 09:02:11,315 [WARN] PackLoader:240 - Cannot read IP mode file for STMicroelectronics.X-CUBE-MEMS1.11.1.0
2025-03-25 09:02:11,613 [INFO] LogOutputStream:77 - [STDOUT_REDIRECT] 1 : Invalid condition id : UX_CORESTACK_Condition cause : null
2025-03-25 09:02:11,613 [INFO] LogOutputStream:77 - [STDOUT_REDIRECT] 1 : Invalid condition id : UX_CORESTACK_Condition cause : null
2025-03-25 09:02:11,621 [INFO] LogOutputStream:77 - [STDOUT_REDIRECT] 1 : Invalid condition id : UX_CORESTACK_Condition cause : null
2025-03-25 09:02:11,623 [INFO] LogOutputStream:77 - [STDOUT_REDIRECT] 1 : Invalid condition id : UX_CORESTACK_Condition cause : null
2025-03-25 09:02:11,632 [INFO] LogOutputStream:77 - [STDOUT_REDIRECT] 1 : Invalid condition id : UX_CORESTACK_Condition cause : null
2025-03-25 09:02:11,636 [WARN] PackLoader:240 - Cannot read IP mode file for STMicroelectronics.X-CUBE-AZRTOS-WL.2.0.0
2025-03-25 09:02:11,675 [WARN] PackLoader:240 - Cannot read IP mode file for STMicroelectronics.FP-SNS-MOTENV1.5.0.0
2025-03-25 09:02:11,716 [WARN] PackLoader:240 - Cannot read IP mode file for WES.I-CUBE-Cesium.1.3.0
2025-03-25 09:02:11,744 [WARN] PackLoader:240 - Cannot read IP mode file for STMicroelectronics.X-CUBE-BLE2.3.3.0
2025-03-25 09:02:11,778 [WARN] PackLoader:240 - Cannot read IP mode file for STMicroelectronics.X-CUBE-NFC9.1.0.0
2025-03-25 09:02:11,807 [WARN] PackLoader:240 - Cannot read IP mode file for STMicroelectronics.X-CUBE-BLE1.7.1.0
2025-03-25 09:02:11,839 [WARN] PackLoader:240 - Cannot read IP mode file for wolfSSL.I-CUBE-wolfMQTT.1.19.2
2025-03-25 09:02:11,896 [WARN] PackLoader:240 - Cannot read IP mode file for STMicroelectronics.X-CUBE-AZRTOS-G0.1.1.0
2025-03-25 09:02:11,928 [WARN] PackLoader:240 - Cannot read IP mode file for STMicroelectronics.X-CUBE-SAFEA1.1.2.2
2025-03-25 09:02:11,960 [WARN] PackLoader:240 - Cannot read IP mode file for STMicroelectronics.X-CUBE-NFC4.3.0.0
2025-03-25 09:02:11,997 [WARN] PackLoader:240 - Cannot read IP mode file for EmbeddedOffice.I-CUBE-FS-RTOS.1.0.1
2025-03-25 09:02:12,024 [WARN] PackLoader:240 - Cannot read IP mode file for wolfSSL.I-CUBE-wolfTPM.3.8.0
2025-03-25 09:02:12,059 [WARN] PackLoader:240 - Cannot read IP mode file for STMicroelectronics.X-CUBE-TCPP.4.2.0
2025-03-25 09:02:12,089 [WARN] PackLoader:240 - Cannot read IP mode file for RealThread.X-CUBE-RT-Thread_Nano.4.1.1
2025-03-25 09:02:12,115 [WARN] PackLoader:240 - Cannot read IP mode file for STMicroelectronics.FP-ATR-SIGFOX1.3.2.0
2025-03-25 09:02:12,146 [WARN] PackLoader:240 - Cannot read IP mode file for STMicroelectronics.X-CUBE-EEPRMA1.5.1.0
2025-03-25 09:02:12,182 [WARN] PackLoader:240 - Cannot read IP mode file for wolfSSL.I-CUBE-wolfSSL.5.7.6
2025-03-25 09:02:12,234 [WARN] PackLoader:240 - Cannot read IP mode file for ITTIA_DB.I-CUBE-ITTIADB.8.9.0
2025-03-25 09:02:12,401 [WARN] PackLoader:240 - Cannot read IP mode file for SEGGER.I-CUBE-embOS.1.3.1
2025-03-25 09:02:12,512 [WARN] PackLoader:240 - Cannot read IP mode file for STMicroelectronics.X-CUBE-ALGOBUILD.1.4.0
2025-03-25 09:02:12,575 [WARN] PackLoader:240 - Cannot read IP mode file for STMicroelectronics.X-CUBE-AZRTOS-F4.1.1.0
2025-03-25 09:02:12,609 [WARN] PackLoader:240 - Cannot read IP mode file for STMicroelectronics.X-CUBE-ISPU.2.1.0
2025-03-25 09:02:12,690 [WARN] PackLoader:240 - Cannot read IP mode file for STMicroelectronics.X-CUBE-AZRTOS-L5.2.0.0
2025-03-25 09:02:12,725 [WARN] PackLoader:240 - Cannot read IP mode file for STMicroelectronics.X-CUBE-NFC6.3.1.0
2025-03-25 09:02:12,763 [WARN] PackLoader:240 - Cannot read IP mode file for STMicroelectronics.X-CUBE-DPower.1.2.0
2025-03-25 09:02:12,791 [WARN] PackLoader:240 - Cannot read IP mode file for STMicroelectronics.X-CUBE-FREERTOS.1.3.0
2025-03-25 09:02:12,820 [WARN] PackLoader:240 - Cannot read IP mode file for STMicroelectronics.X-CUBE-NFC7.1.0.1
2025-03-25 09:02:12,884 [WARN] ConditionMgr:438 - getConditionDescription Invalid condition id : LAN8742 Phy interface Condition cause : null
2025-03-25 09:02:12,885 [WARN] PackLoader:240 - Cannot read IP mode file for STMicroelectronics.X-CUBE-AZRTOS-L4.2.0.0
2025-03-25 09:02:12,887 [WARN] ConditionMgr:1044 - genDependencies : Invalid condition id : LAN8742 Phy interface Condition cause : null
2025-03-25 09:02:12,887 [WARN] ConditionMgr:1044 - genDependencies : Invalid condition id : LAN8742 Phy interface Condition cause : null
2025-03-25 09:02:12,888 [WARN] ConditionMgr:1044 - genDependencies : Invalid condition id : LAN8742 Phy interface Condition cause : null
2025-03-25 09:02:12,900 [INFO] WebApp:168 - Instantiating new browser for Auth
2025-03-25 09:02:12,948 [WARN] PackLoader:240 - Cannot read IP mode file for STMicroelectronics.X-CUBE-SFXS2LP1.4.0.0
2025-03-25 09:02:13,015 [WARN] PackLoader:240 - Cannot read IP mode file for STMicroelectronics.X-CUBE-AZRTOS-H7.3.3.0
2025-03-25 09:02:13,066 [WARN] ConditionMgr:438 - getConditionDescription Invalid condition id : UX DEVICE CLASS RTOS Condition cause : null
2025-03-25 09:02:13,066 [WARN] ConditionMgr:438 - getConditionDescription Invalid condition id : UX DEVICE CLASS RTOS Condition cause : null
2025-03-25 09:02:13,069 [WARN] PackLoader:240 - Cannot read IP mode file for STMicroelectronics.X-CUBE-AZRTOS-WB.2.0.0
2025-03-25 09:02:13,070 [WARN] ConditionMgr:1044 - genDependencies : Invalid condition id : UX DEVICE CLASS RTOS Condition cause : null
2025-03-25 09:02:13,070 [WARN] ConditionMgr:1044 - genDependencies : Invalid condition id : UX DEVICE CLASS RTOS Condition cause : null
2025-03-25 09:02:13,071 [WARN] ConditionMgr:1044 - genDependencies : Invalid condition id : UX DEVICE CLASS RTOS Condition cause : null
2025-03-25 09:02:13,072 [WARN] ConditionMgr:1044 - genDependencies : Invalid condition id : UX DEVICE CLASS RTOS Condition cause : null
2025-03-25 09:02:13,072 [WARN] ConditionMgr:1044 - genDependencies : Invalid condition id : UX DEVICE CLASS RTOS Condition cause : null
2025-03-25 09:02:13,103 [WARN] PackLoader:240 - Cannot read IP mode file for STMicroelectronics.X-CUBE-GNSS1.7.0.1
2025-03-25 09:02:13,135 [WARN] PackLoader:240 - Cannot read IP mode file for STMicroelectronics.X-CUBE-TOUCHGFX.4.25.0
2025-03-25 09:02:13,167 [WARN] PackLoader:240 - Cannot read IP mode file for STMicroelectronics.FP-SNS-STBOX1.2.0.0
2025-03-25 09:02:13,230 [WARN] PackLoader:240 - Cannot read IP mode file for STMicroelectronics.X-CUBE-SUBG2.5.0.0
2025-03-25 09:02:13,316 [WARN] PackLoader:240 - Cannot read IP mode file for STMicroelectronics.X-CUBE-AZRTOS-H7RS.1.1.0
2025-03-25 09:02:13,345 [WARN] PackLoader:240 - Cannot read IP mode file for Cesanta.I-CUBE-Mongoose.7.13.0
2025-03-25 09:02:13,391 [WARN] PackLoader:240 - Cannot read IP mode file for STMicroelectronics.X-CUBE-AZRTOS-G4.2.0.0
2025-03-25 09:02:13,417 [WARN] PackLoader:240 - Cannot read IP mode file for wolfSSL.I-CUBE-wolfSSH.1.4.20
2025-03-25 09:02:13,473 [WARN] PackLoader:240 - Cannot read IP mode file for STMicroelectronics.X-CUBE-IPS.3.1.0
2025-03-25 09:02:13,515 [WARN] PackLoader:240 - Cannot read IP mode file for STMicroelectronics.X-CUBE-ALS.1.0.2
2025-03-25 09:02:13,544 [WARN] PackLoader:240 - Cannot read IP mode file for portGmbH.I-Cube-SoM-uGOAL.1.1.0
2025-03-25 09:02:13,583 [WARN] PackLoader:240 - Cannot read IP mode file for STMicroelectronics.X-CUBE-TOF1.3.4.2
2025-03-25 09:02:13,601 [INFO] ThirdParty:978 - Integrity check success = true
2025-03-25 09:02:13,601 [INFO] IntegrityCheckThread:100 - exiting critical section [integrity check]
2025-03-25 09:02:13,601 [INFO] IntegrityCheckThread:103 - End integrity checks thread
2025-03-25 09:02:16,640 [INFO] WebApp:449 - Apply proxy settings
2025-03-25 09:02:16,641 [INFO] WebApp:534 - Chromium requires no authentication
2025-03-25 09:02:16,657 [INFO] WebApp:477 - Direct internet connection detected
2025-03-25 09:02:16,700 [INFO] WebApp:880 - Register for checkConnection events
2025-03-25 09:02:16,700 [INFO] WebApp:449 - Apply proxy settings
2025-03-25 09:02:16,700 [INFO] WebApp:534 - Chromium requires no authentication
2025-03-25 09:02:16,701 [INFO] WebApp:477 - Direct internet connection detected
2025-03-25 09:02:17,073 [INFO] WebApp:221 - Starting web application
2025-03-25 09:02:17,073 [INFO] WebApp:579 - Web application path used C:\ST\STM32CubeIDE_1.17.0\STM32CubeIDE\plugins\com.st.stm32cube.common.mx_6.13.0.202411220809\db\plugins\mcufinder\reactClient1\index.html
2025-03-25 09:02:17,161 [INFO] WebApp:187 - Connection restablished
2025-03-25 10:35:18,957 [ERROR] LogOutputStream:75 - [STDERR_REDIRECT] 
2025-03-25 10:35:18,960 [ERROR] LogOutputStream:75 - [STDERR_REDIRECT] 
